<?xml version="1.0" encoding="UTF-8"?>
<!-- Generated by org.testng.reporters.JUnitXMLReporter -->
<testsuite ignored="0" hostname="DESKTOP-KFBQTKP" failures="0" tests="6" name="Regression Test" time="0.097" errors="0" timestamp="2021-08-23T21:00:52 BST">
  <testcase classname="ui.GroupDemoTest" name="bTest2" time="0.007"/>
  <testcase classname="ui.GroupDemoTest" name="cTest3" time="0.003"/>
  <testcase classname="ui.GroupDemoTest" name="dTest4" time="0.003"/>
  <testcase classname="ui.GroupDemoTest" name="aTest1" time="0.003"/>
  <testcase classname="ui.LoginFromTest" name="bloginTest" time="0.005"/>
  <testcase classname="ui.LoginFromTest" name="alogouttest" time="0.002"/>
</testsuite> <!-- Regression Test -->
