<?xml version="1.0" encoding="UTF-8"?>
<!-- Generated by org.testng.reporters.JUnitXMLReporter -->
<testsuite ignored="2" hostname="DESKTOP-KFBQTKP" failures="0" tests="2" name="GRP-bvt" time="0.067" errors="0" timestamp="2021-08-23T20:54:36 BST">
  <testcase classname="ui.GroupDemoTest" name="bTest2" time="0.01"/>
  <testcase classname="ui.GroupDemoTest" name="dTest4" time="0.001"/>
  <testcase classname="ui.GroupDemoTest" name="cTest3" time="0.0">
    <ignored/>
  </testcase> <!-- cTest3 -->
  <testcase classname="ui.GroupDemoTest" name="aTest1" time="0.0">
    <ignored/>
  </testcase> <!-- aTest1 -->
</testsuite> <!-- GRP-bvt -->
