<?xml version="1.0" encoding="UTF-8"?>
<!-- Generated by org.testng.reporters.JUnitXMLReporter -->
<testsuite ignored="0" hostname="DESKTOP-KFBQTKP" failures="0" tests="4" name="Default test" time="0.083" errors="0" timestamp="2021-08-24T10:58:30 BST">
  <testcase classname="ui.DataProviderDemo" name="test" time="0.009"/>
  <testcase classname="ui.DataProviderDemo" name="test" time="0.004"/>
  <testcase classname="ui.DataProviderDemo" name="test" time="0.002"/>
  <testcase classname="ui.DataProviderDemo" name="test" time="0.003"/>
</testsuite> <!-- Default test -->
