<?xml version="1.0" encoding="UTF-8"?>
<!-- Generated by org.testng.reporters.JUnitXMLReporter -->
<testsuite ignored="0" hostname="DESKTOP-KFBQTKP" failures="0" tests="6" name="Functional Test" time="11.352" errors="0" timestamp="2021-08-23T20:22:16 BST">
  <testcase classname="ui.LoginTest" name="bloginTest" time="0.007"/>
  <testcase classname="ui.LoginTest" name="alogouttest" time="0.002"/>
  <testcase classname="ui.VerifyTitleText" name="TitleTest" time="5.059"/>
  <testcase classname="ui.VerifyTitle" name="TitleTest" time="6.203"/>
  <testcase classname="ui.LoginFromTest" name="bloginTest" time="0.002"/>
  <testcase classname="ui.LoginFromTest" name="alogouttest" time="0.002"/>
</testsuite> <!-- Functional Test -->
